[INFO] Сохранено товаров: 1/200	 Задержка: 5
[INFO] Сохранено товаров: 2/200	 Задержка: 7
[INFO] Сохранено товаров: 3/200	 Задержка: 5
[INFO] Сохранено товаров: 4/200	 Задержка: 7
[INFO] Сохранено товаров: 5/200	 Задержка: 3
No connect. Wait 10s and try again
try again request to	https://www.etm.ru/cat/nn/9745550
[INFO] Сохранено товаров: 6/200	 Задержка: 16
[INFO] Сохранено товаров: 7/200	 Задержка: 5
[INFO] Сохранено товаров: 8/200	 Задержка: 7
[INFO] Сохранено товаров: 9/200	 Задержка: 7
No connect. Wait 10s and try again
try again request to	https://www.etm.ru/cat/nn/9745553
[INFO] Сохранено товаров: 10/200	 Задержка: 14
[INFO] Сохранено товаров: 11/200	 Задержка: 6
[INFO] Сохранено товаров: 12/200	 Задержка: 7
[INFO] Сохранено товаров: 13/200	 Задержка: 5
[INFO] Сохранено товаров: 14/200	 Задержка: 6
[INFO] Сохранено товаров: 15/200	 Задержка: 3
No connect. Wait 10s and try again
try again request to	https://www.etm.ru/cat/nn/6428016
[INFO] Сохранено товаров: 16/200	 Задержка: 15
[INFO] Сохранено товаров: 17/200	 Задержка: 6
[INFO] Сохранено товаров: 18/200	 Задержка: 6
[INFO] Сохранено товаров: 19/200	 Задержка: 5
No connect. Wait 10s and try again
try again request to	https://www.etm.ru/cat/nn/9813232
[INFO] Сохранено товаров: 20/200	 Задержка: 15
[INFO] Сохранено товаров: 21/200	 Задержка: 5
[INFO] Сохранено товаров: 22/200	 Задержка: 6
[INFO] Сохранено товаров: 23/200	 Задержка: 7
No connect. Wait 10s and try again
try again request to	https://www.etm.ru/cat/nn/9800139
[INFO] Сохранено товаров: 24/200	 Задержка: 15
[INFO] Сохранено товаров: 25/200	 Задержка: 5
[INFO] Сохранено товаров: 26/200	 Задержка: 5
[INFO] Сохранено товаров: 27/200	 Задержка: 6
No connect. Wait 10s and try again
try again request to	https://www.etm.ru/cat/nn/6203307
[INFO] Сохранено товаров: 28/200	 Задержка: 15
[INFO] Сохранено товаров: 29/200	 Задержка: 6
[INFO] Сохранено товаров: 30/200	 Задержка: 5
[INFO] Сохранено товаров: 31/200	 Задержка: 6
No connect. Wait 10s and try again
try again request to	https://www.etm.ru/cat/nn/5180528
[INFO] Сохранено товаров: 32/200	 Задержка: 15
[INFO] Сохранено товаров: 33/200	 Задержка: 6
[INFO] Сохранено товаров: 34/200	 Задержка: 5
[INFO] Сохранено товаров: 35/200	 Задержка: 4
No connect. Wait 10s and try again
try again request to	https://www.etm.ru/cat/nn/4060583
[INFO] Сохранено товаров: 36/200	 Задержка: 15
[INFO] Сохранено товаров: 37/200	 Задержка: 7
[INFO] Сохранено товаров: 38/200	 Задержка: 6
[INFO] Сохранено товаров: 39/200	 Задержка: 6
No connect. Wait 10s and try again
try again request to	https://www.etm.ru/cat/nn/9726729
[INFO] Сохранено товаров: 40/200	 Задержка: 15
[INFO] Сохранено товаров: 41/200	 Задержка: 5
[INFO] Сохранено товаров: 42/200	 Задержка: 5
[INFO] Сохранено товаров: 43/200	 Задержка: 5
No connect. Wait 10s and try again
try again request to	https://www.etm.ru/cat/nn/9726703
[INFO] Сохранено товаров: 44/200	 Задержка: 15
[INFO] Сохранено товаров: 45/200	 Задержка: 3
[INFO] Сохранено товаров: 46/200	 Задержка: 5
[INFO] Сохранено товаров: 47/200	 Задержка: 5
No connect. Wait 10s and try again
try again request to	https://www.etm.ru/cat/nn/9806129
[INFO] Сохранено товаров: 48/200	 Задержка: 16
[INFO] Сохранено товаров: 49/200	 Задержка: 5
[INFO] Сохранено товаров: 50/200	 Задержка: 4
[INFO] Сохранено товаров: 51/200	 Задержка: 7
No connect. Wait 10s and try again
try again request to	https://www.etm.ru/cat/nn/9745464
[INFO] Сохранено товаров: 52/200	 Задержка: 16
[INFO] Сохранено товаров: 53/200	 Задержка: 5
[INFO] Сохранено товаров: 54/200	 Задержка: 5
[INFO] Сохранено товаров: 55/200	 Задержка: 3
No connect. Wait 10s and try again
try again request to	https://www.etm.ru/cat/nn/9815337
[INFO] Сохранено товаров: 56/200	 Задержка: 17
[INFO] Сохранено товаров: 57/200	 Задержка: 7
[INFO] Сохранено товаров: 58/200	 Задержка: 6
[INFO] Сохранено товаров: 59/200	 Задержка: 5
[INFO] Сохранено товаров: 60/200	 Задержка: 3
No connect. Wait 10s and try again
try again request to	https://www.etm.ru/cat/nn/9785504
[INFO] Сохранено товаров: 61/200	 Задержка: 15
[INFO] Сохранено товаров: 62/200	 Задержка: 7
[INFO] Сохранено товаров: 63/200	 Задержка: 5
[INFO] Сохранено товаров: 64/200	 Задержка: 7
No connect. Wait 10s and try again
try again request to	https://www.etm.ru/cat/nn/9720750
[INFO] Сохранено товаров: 65/200	 Задержка: 15
[INFO] Сохранено товаров: 66/200	 Задержка: 5
[INFO] Сохранено товаров: 67/200	 Задержка: 5
[INFO] Сохранено товаров: 68/200	 Задержка: 6
[INFO] Сохранено товаров: 69/200	 Задержка: 7
[INFO] Сохранено товаров: 70/200	 Задержка: 4
No connect. Wait 10s and try again
try again request to	https://www.etm.ru/cat/nn/9724109
[INFO] Сохранено товаров: 71/200	 Задержка: 16
[INFO] Сохранено товаров: 72/200	 Задержка: 6
[INFO] Сохранено товаров: 73/200	 Задержка: 5
[INFO] Сохранено товаров: 74/200	 Задержка: 5
No connect. Wait 10s and try again
try again request to	https://www.etm.ru/cat/nn/2126676
[INFO] Сохранено товаров: 75/200	 Задержка: 15
[INFO] Сохранено товаров: 76/200	 Задержка: 6
[INFO] Сохранено товаров: 77/200	 Задержка: 7
[INFO] Сохранено товаров: 78/200	 Задержка: 6
[INFO] Сохранено товаров: 79/200	 Задержка: 5
No connect. Wait 10s and try again
try again request to	https://www.etm.ru/cat/nn/9711483
[INFO] Сохранено товаров: 80/200	 Задержка: 14
[INFO] Сохранено товаров: 81/200	 Задержка: 5
[INFO] Сохранено товаров: 82/200	 Задержка: 6
[INFO] Сохранено товаров: 83/200	 Задержка: 6
No connect. Wait 10s and try again
try again request to	https://www.etm.ru/cat/nn/9532886
[INFO] Сохранено товаров: 84/200	 Задержка: 15
[INFO] Сохранено товаров: 85/200	 Задержка: 5
[INFO] Сохранено товаров: 86/200	 Задержка: 5
[INFO] Сохранено товаров: 87/200	 Задержка: 5
No connect. Wait 10s and try again
try again request to	https://www.etm.ru/cat/nn/9532796
[INFO] Сохранено товаров: 88/200	 Задержка: 15
[INFO] Сохранено товаров: 89/200	 Задержка: 7
[INFO] Сохранено товаров: 90/200	 Задержка: 3
[INFO] Сохранено товаров: 91/200	 Задержка: 5
No connect. Wait 10s and try again
try again request to	https://www.etm.ru/cat/nn/9725411
[INFO] Сохранено товаров: 92/200	 Задержка: 16
[INFO] Сохранено товаров: 93/200	 Задержка: 6
[INFO] Сохранено товаров: 94/200	 Задержка: 7
[INFO] Сохранено товаров: 95/200	 Задержка: 5
[INFO] Сохранено товаров: 96/200	 Задержка: 6
No connect. Wait 10s and try again
try again request to	https://www.etm.ru/cat/nn/9720251
[INFO] Сохранено товаров: 97/200	 Задержка: 16
[INFO] Сохранено товаров: 98/200	 Задержка: 6
[INFO] Сохранено товаров: 99/200	 Задержка: 7
[INFO] Сохранено товаров: 100/200	 Задержка: 4
No connect. Wait 10s and try again
try again request to	https://www.etm.ru/cat/nn/9533870
[INFO] Сохранено товаров: 101/200	 Задержка: 15
[INFO] Сохранено товаров: 102/200	 Задержка: 5
[INFO] Сохранено товаров: 103/200	 Задержка: 7
[INFO] Сохранено товаров: 104/200	 Задержка: 6
No connect. Wait 10s and try again
try again request to	https://www.etm.ru/cat/nn/9693781
[INFO] Сохранено товаров: 105/200	 Задержка: 13
[INFO] Сохранено товаров: 106/200	 Задержка: 7
[INFO] Сохранено товаров: 107/200	 Задержка: 6
[INFO] Сохранено товаров: 108/200	 Задержка: 7
No connect. Wait 10s and try again
try again request to	https://www.etm.ru/cat/nn/9682162
[INFO] Сохранено товаров: 109/200	 Задержка: 16
[INFO] Сохранено товаров: 110/200	 Задержка: 3
[INFO] Сохранено товаров: 111/200	 Задержка: 5
[INFO] Сохранено товаров: 112/200	 Задержка: 5
No connect. Wait 10s and try again
try again request to	https://www.etm.ru/cat/nn/9667572
[INFO] Сохранено товаров: 113/200	 Задержка: 17
[INFO] Сохранено товаров: 114/200	 Задержка: 6
[INFO] Сохранено товаров: 115/200	 Задержка: 3
[INFO] Сохранено товаров: 116/200	 Задержка: 7
[INFO] Сохранено товаров: 117/200	 Задержка: 7
No connect. Wait 10s and try again
try again request to	https://www.etm.ru/cat/nn/87860020
[INFO] Сохранено товаров: 118/200	 Задержка: 15
[INFO] Сохранено товаров: 119/200	 Задержка: 7
[INFO] Сохранено товаров: 120/200	 Задержка: 5
[INFO] Сохранено товаров: 121/200	 Задержка: 7
[INFO] Сохранено товаров: 122/200	 Задержка: 7
No connect. Wait 10s and try again
try again request to	https://www.etm.ru/cat/nn/9533332
[INFO] Сохранено товаров: 123/200	 Задержка: 15
[INFO] Сохранено товаров: 124/200	 Задержка: 5
[INFO] Сохранено товаров: 125/200	 Задержка: 3
[INFO] Сохранено товаров: 126/200	 Задержка: 5
No connect. Wait 10s and try again
try again request to	https://www.etm.ru/cat/nn/9680322
[INFO] Сохранено товаров: 127/200	 Задержка: 17
[INFO] Сохранено товаров: 128/200	 Задержка: 5
[INFO] Сохранено товаров: 129/200	 Задержка: 5
[INFO] Сохранено товаров: 130/200	 Задержка: 3
No connect. Wait 10s and try again
try again request to	https://www.etm.ru/cat/nn/9692607
[INFO] Сохранено товаров: 131/200	 Задержка: 16
[INFO] Сохранено товаров: 132/200	 Задержка: 7
[INFO] Сохранено товаров: 133/200	 Задержка: 6
[INFO] Сохранено товаров: 134/200	 Задержка: 6
No connect. Wait 10s and try again
try again request to	https://www.etm.ru/cat/nn/9866221
[INFO] Сохранено товаров: 135/200	 Задержка: 14
[INFO] Сохранено товаров: 136/200	 Задержка: 6
[INFO] Сохранено товаров: 137/200	 Задержка: 6
[INFO] Сохранено товаров: 138/200	 Задержка: 6
No connect. Wait 10s and try again
try again request to	https://www.etm.ru/cat/nn/9672201
[INFO] Сохранено товаров: 139/200	 Задержка: 16
[INFO] Сохранено товаров: 140/200	 Задержка: 3
[INFO] Сохранено товаров: 141/200	 Задержка: 5
[INFO] Сохранено товаров: 142/200	 Задержка: 5
No connect. Wait 10s and try again
try again request to	https://www.etm.ru/cat/nn/9676540
[INFO] Сохранено товаров: 143/200	 Задержка: 16
[INFO] Сохранено товаров: 144/200	 Задержка: 5
[INFO] Сохранено товаров: 145/200	 Задержка: 4
[INFO] Сохранено товаров: 146/200	 Задержка: 7
[INFO] Сохранено товаров: 147/200	 Задержка: 7
No connect. Wait 10s and try again
try again request to	https://www.etm.ru/cat/nn/9752636
[INFO] Сохранено товаров: 148/200	 Задержка: 16
[INFO] Сохранено товаров: 149/200	 Задержка: 7
[INFO] Сохранено товаров: 150/200	 Задержка: 5
[INFO] Сохранено товаров: 151/200	 Задержка: 5
No connect. Wait 10s and try again
try again request to	https://www.etm.ru/cat/nn/9747300
[INFO] Сохранено товаров: 152/200	 Задержка: 17
[INFO] Сохранено товаров: 153/200	 Задержка: 7
[INFO] Сохранено товаров: 154/200	 Задержка: 6
[INFO] Сохранено товаров: 155/200	 Задержка: 3
[INFO] Сохранено товаров: 156/200	 Задержка: 6
No connect. Wait 10s and try again
try again request to	https://www.etm.ru/cat/nn/169990795
[INFO] Сохранено товаров: 157/200	 Задержка: 16
[INFO] Сохранено товаров: 158/200	 Задержка: 5
[INFO] Сохранено товаров: 159/200	 Задержка: 7
[INFO] Сохранено товаров: 160/200	 Задержка: 3
No connect. Wait 10s and try again
try again request to	https://www.etm.ru/cat/nn/9825159
[INFO] Сохранено товаров: 161/200	 Задержка: 16
[INFO] Сохранено товаров: 162/200	 Задержка: 6
[INFO] Сохранено товаров: 163/200	 Задержка: 6
[INFO] Сохранено товаров: 164/200	 Задержка: 6
[INFO] Сохранено товаров: 165/200	 Задержка: 3
No connect. Wait 10s and try again
try again request to	https://www.etm.ru/cat/nn/86710055
[INFO] Сохранено товаров: 166/200	 Задержка: 17
[INFO] Сохранено товаров: 167/200	 Задержка: 5
[INFO] Сохранено товаров: 168/200	 Задержка: 5
[INFO] Сохранено товаров: 169/200	 Задержка: 7
No connect. Wait 10s and try again
try again request to	https://www.etm.ru/cat/nn/9676035
[INFO] Сохранено товаров: 170/200	 Задержка: 14
[INFO] Сохранено товаров: 171/200	 Задержка: 6
[INFO] Сохранено товаров: 172/200	 Задержка: 5
[INFO] Сохранено товаров: 173/200	 Задержка: 5
No connect. Wait 10s and try again
try again request to	https://www.etm.ru/cat/nn/8101319
[INFO] Сохранено товаров: 174/200	 Задержка: 17
[INFO] Сохранено товаров: 175/200	 Задержка: 4
[INFO] Сохранено товаров: 176/200	 Задержка: 7
[INFO] Сохранено товаров: 177/200	 Задержка: 6
[INFO] Сохранено товаров: 178/200	 Задержка: 5
No connect. Wait 10s and try again
try again request to	https://www.etm.ru/cat/nn/4064242
[INFO] Сохранено товаров: 179/200	 Задержка: 17
[INFO] Сохранено товаров: 180/200	 Задержка: 4
[INFO] Сохранено товаров: 181/200	 Задержка: 5
[INFO] Сохранено товаров: 182/200	 Задержка: 5
No connect. Wait 10s and try again
try again request to	https://www.etm.ru/cat/nn/7814926
[INFO] Сохранено товаров: 183/200	 Задержка: 16
[INFO] Сохранено товаров: 184/200	 Задержка: 7
[INFO] Сохранено товаров: 185/200	 Задержка: 5
[INFO] Сохранено товаров: 186/200	 Задержка: 5
[INFO] Сохранено товаров: 187/200	 Задержка: 7
No connect. Wait 10s and try again
try again request to	https://www.etm.ru/cat/nn/9780407
[INFO] Сохранено товаров: 188/200	 Задержка: 15
[INFO] Сохранено товаров: 189/200	 Задержка: 6
[INFO] Сохранено товаров: 190/200	 Задержка: 5
[INFO] Сохранено товаров: 191/200	 Задержка: 7
No connect. Wait 10s and try again
try again request to	https://www.etm.ru/cat/nn/9863747
[INFO] Сохранено товаров: 192/200	 Задержка: 15
[INFO] Сохранено товаров: 193/200	 Задержка: 7
[INFO] Сохранено товаров: 194/200	 Задержка: 5
[INFO] Сохранено товаров: 195/200	 Задержка: 4
No connect. Wait 10s and try again
try again request to	https://www.etm.ru/cat/nn/1769218
[INFO] Сохранено товаров: 196/200	 Задержка: 17
[INFO] Сохранено товаров: 197/200	 Задержка: 7
[INFO] Сохранено товаров: 198/200	 Задержка: 6
[INFO] Сохранено товаров: 199/200	 Задержка: 6
[INFO] Сохранено товаров: 200/200	 Задержка: 4
[INFO] Затрачено времени: 0:39:45
[INFO] RAW: 2385.5899844169617 s

Process finished with exit code 0
